{"created": 1746521689.2039933, "duration": 15.299687147140503, "exitcode": 1, "root": "C:\\Test Automation\\Playwright-Automation-Test-Suite-master\\Playwright-Automation-Test-Suite", "environment": {}, "summary": {"failed": 9, "passed": 16, "total": 25, "collected": 25}, "tests": [{"nodeid": "tests/db/test_db_users.py::test_check_user_exists", "lineno": 56, "outcome": "failed", "keywords": ["test_check_user_exists", "test_db_users.py", "db", "tests", "Playwright-Automation-Test-Suite", ""], "setup": {"duration": 0.008022699999855831, "outcome": "passed", "longrepr": "[gw15] win32 -- Python 3.13.1 C:\\Test Automation\\Playwright-Automation-Test-Suite-master\\Playwright-Automation-Test-Suite\\TestSuiteEnv\\Scripts\\python.exe"}, "call": {"duration": 0.5043834999960382, "outcome": "failed", "crash": {"path": "C:\\Test Automation\\Playwright-Automation-Test-Suite-master\\Playwright-Automation-Test-Suite\\tests\\db\\test_db_users.py", "lineno": 62, "message": "psycopg2.errors.UniqueViolation: duplicate key value violates unique constraint \"users_email_key\"\nDETAIL:  Key (email)=(test7@example.com) already exists."}, "traceback": [{"path": "tests\\db\\test_db_users.py", "lineno": 62, "message": "UniqueViolation"}], "longrepr": "[gw15] win32 -- Python 3.13.1 C:\\Test Automation\\Playwright-Automation-Test-Suite-master\\Playwright-Automation-Test-Suite\\TestSuiteEnv\\Scripts\\python.exe\n\n    def test_check_user_exists():\n        conn = get_connection()\n        cursor = conn.cursor()\n    \n        # Insert a new user\n>       cursor.execute(\"\"\"\n            INSERT INTO users (name, email, job, age, is_active)\n            VALUES (%s, %s, %s, %s, %s) RETURNING id;\n        \"\"\", (\"Test User\", \"test7@example.com\", \"Tester\", 30, True))\nE       psycopg2.errors.UniqueViolation: duplicate key value violates unique constraint \"users_email_key\"\nE       DETAIL:  Key (email)=(test7@example.com) already exists.\n\ntests\\db\\test_db_users.py:62: UniqueViolation"}, "teardown": {"duration": 0.00039579998701810837, "outcome": "passed", "longrepr": "[gw15] win32 -- Python 3.13.1 C:\\Test Automation\\Playwright-Automation-Test-Suite-master\\Playwright-Automation-Test-Suite\\TestSuiteEnv\\Scripts\\python.exe"}}, {"nodeid": "tests/db/test_db_users.py::test_insert_user_and_fetch", "lineno": 3, "outcome": "passed", "keywords": ["test_insert_user_and_fetch", "test_db_users.py", "db", "tests", "Playwright-Automation-Test-Suite", ""], "setup": {"duration": 0.007936099980724975, "outcome": "passed", "longrepr": "[gw13] win32 -- Python 3.13.1 C:\\Test Automation\\Playwright-Automation-Test-Suite-master\\Playwright-Automation-Test-Suite\\TestSuiteEnv\\Scripts\\python.exe"}, "call": {"duration": 0.677447399997618, "outcome": "passed", "longrepr": "[gw13] win32 -- Python 3.13.1 C:\\Test Automation\\Playwright-Automation-Test-Suite-master\\Playwright-Automation-Test-Suite\\TestSuiteEnv\\Scripts\\python.exe"}, "teardown": {"duration": 0.0004200999974273145, "outcome": "passed", "longrepr": "[gw13] win32 -- Python 3.13.1 C:\\Test Automation\\Playwright-Automation-Test-Suite-master\\Playwright-Automation-Test-Suite\\TestSuiteEnv\\Scripts\\python.exe"}}, {"nodeid": "tests/db/test_db_users.py::test_fetch_all_users", "lineno": 28, "outcome": "passed", "keywords": ["test_fetch_all_users", "test_db_users.py", "db", "tests", "Playwright-Automation-Test-Suite", ""], "setup": {"duration": 0.008581200003391132, "outcome": "passed", "longrepr": "[gw12] win32 -- Python 3.13.1 C:\\Test Automation\\Playwright-Automation-Test-Suite-master\\Playwright-Automation-Test-Suite\\TestSuiteEnv\\Scripts\\python.exe"}, "call": {"duration": 0.6658601999806706, "outcome": "passed", "longrepr": "[gw12] win32 -- Python 3.13.1 C:\\Test Automation\\Playwright-Automation-Test-Suite-master\\Playwright-Automation-Test-Suite\\TestSuiteEnv\\Scripts\\python.exe"}, "teardown": {"duration": 0.00039420000393874943, "outcome": "passed", "longrepr": "[gw12] win32 -- Python 3.13.1 C:\\Test Automation\\Playwright-Automation-Test-Suite-master\\Playwright-Automation-Test-Suite\\TestSuiteEnv\\Scripts\\python.exe"}}, {"nodeid": "tests/api/test_mockapi_users.py::test_update_user", "lineno": 34, "outcome": "failed", "keywords": ["test_update_user", "test_mockapi_users.py", "api", "tests", "Playwright-Automation-Test-Suite", ""], "setup": {"duration": 0.8200450000003912, "outcome": "passed", "longrepr": "[gw2] win32 -- Python 3.13.1 C:\\Test Automation\\Playwright-Automation-Test-Suite-master\\Playwright-Automation-Test-Suite\\TestSuiteEnv\\Scripts\\python.exe"}, "call": {"duration": 0.8711720000137575, "outcome": "failed", "crash": {"path": "C:\\Test Automation\\Playwright-Automation-Test-Suite-master\\Playwright-Automation-Test-Suite\\tests\\api\\test_mockapi_users.py", "lineno": 41, "message": "TypeError: string indices must be integers, not 'str'"}, "traceback": [{"path": "tests\\api\\test_mockapi_users.py", "lineno": 41, "message": "TypeError"}], "longrepr": "[gw2] win32 -- Python 3.13.1 C:\\Test Automation\\Playwright-Automation-Test-Suite-master\\Playwright-Automation-Test-Suite\\TestSuiteEnv\\Scripts\\python.exe\n\napi_request_context = <playwright._impl._fetch.APIRequestContext object at 0x0000018CB7134EC0>\n\n    def test_update_user(api_request_context):\n        # Create a user first\n        user_data = {\n            \"name\": \"Temp User\", \"email\": \"temp@x.com\", \"job\": \"Intern\", \"age\": 22, \"isActive\": False\n        }\n        create_resp = api_request_context.post(get_users_url(), data=user_data)\n>       user_id = create_resp.json()[\"id\"]\nE       TypeError: string indices must be integers, not 'str'\n\ntests\\api\\test_mockapi_users.py:41: TypeError"}, "teardown": {"duration": 0.00025469998945482075, "outcome": "passed", "longrepr": "[gw2] win32 -- Python 3.13.1 C:\\Test Automation\\Playwright-Automation-Test-Suite-master\\Playwright-Automation-Test-Suite\\TestSuiteEnv\\Scripts\\python.exe"}}, {"nodeid": "tests/api/test_users_api.py::test_get_user[user_data0]", "lineno": 31, "outcome": "passed", "keywords": ["test_get_user[user_data0]", "parametrize", "pytestmark", "user_data0", "test_users_api.py", "api", "tests", "Playwright-Automation-Test-Suite", ""], "setup": {"duration": 0.8248969000123907, "outcome": "passed", "longrepr": "[gw11] win32 -- Python 3.13.1 C:\\Test Automation\\Playwright-Automation-Test-Suite-master\\Playwright-Automation-Test-Suite\\TestSuiteEnv\\Scripts\\python.exe"}, "call": {"duration": 0.2765337000018917, "outcome": "passed", "stdout": "Fetched User Data: {'data': {'id': 1, 'email': 'george.bluth@reqres.in', 'first_name': 'George', 'last_name': 'Bluth', 'avatar': 'https://reqres.in/img/faces/1-image.jpg'}, 'support': {'url': 'https://contentcaddy.io?utm_source=reqres&utm_medium=json&utm_campaign=referral', 'text': 'Tired of writing endless social media content? Let Content Caddy generate it for you.'}}\n", "longrepr": "[gw11] win32 -- Python 3.13.1 C:\\Test Automation\\Playwright-Automation-Test-Suite-master\\Playwright-Automation-Test-Suite\\TestSuiteEnv\\Scripts\\python.exe"}, "teardown": {"duration": 0.01944460000959225, "outcome": "passed", "longrepr": "[gw11] win32 -- Python 3.13.1 C:\\Test Automation\\Playwright-Automation-Test-Suite-master\\Playwright-Automation-Test-Suite\\TestSuiteEnv\\Scripts\\python.exe"}}, {"nodeid": "tests/api/test_users_api.py::test_register_user[registration_data1]", "lineno": 8, "outcome": "passed", "keywords": ["test_register_user[registration_data1]", "parametrize", "pytestmark", "registration_data1", "test_users_api.py", "api", "tests", "Playwright-Automation-Test-Suite", ""], "setup": {"duration": 0.8290871999925002, "outcome": "passed", "longrepr": "[gw6] win32 -- Python 3.13.1 C:\\Test Automation\\Playwright-Automation-Test-Suite-master\\Playwright-Automation-Test-Suite\\TestSuiteEnv\\Scripts\\python.exe"}, "call": {"duration": 0.6498107000079472, "outcome": "passed", "stdout": "{'id': 7, 'token': 'QpwL5tke4Pnpja7X7'}\n", "log": [{"name": "TestLogger", "msg": "Starting registration test", "args": null, "levelname": "INFO", "levelno": 20, "pathname": "C:\\Test Automation\\Playwright-Automation-Test-Suite-master\\Playwright-Automation-Test-Suite\\utils\\api_client.py", "filename": "api_client.py", "module": "api_client", "exc_info": null, "exc_text": null, "stack_info": null, "lineno": 31, "funcName": "register_user", "created": 1746521677.1039388, "msecs": 103.0, "relativeCreated": 2219.291, "thread": 36968, "threadName": "MainThread", "processName": "MainProcess", "process": 35792, "taskName": null, "asctime": "2025-05-06 14:54:37,103"}, {"name": "TestLogger", "msg": "Payload: {'email': 'michael.lawson@reqres.in', 'password': '123456', 'job': 'QA Engineer', 'name': 'Michael Lawson'}", "args": null, "levelname": "DEBUG", "levelno": 10, "pathname": "C:\\Test Automation\\Playwright-Automation-Test-Suite-master\\Playwright-Automation-Test-Suite\\utils\\api_client.py", "filename": "api_client.py", "module": "api_client", "exc_info": null, "exc_text": null, "stack_info": null, "lineno": 32, "funcName": "register_user", "created": 1746521677.10422, "msecs": 104.0, "relativeCreated": 2219.572, "thread": 36968, "threadName": "MainThread", "processName": "MainProcess", "process": 35792, "taskName": null, "asctime": "2025-05-06 14:54:37,104"}, {"name": "TestLogger", "msg": "Response status: 200", "args": null, "levelname": "DEBUG", "levelno": 10, "pathname": "C:\\Test Automation\\Playwright-Automation-Test-Suite-master\\Playwright-Automation-Test-Suite\\utils\\api_client.py", "filename": "api_client.py", "module": "api_client", "exc_info": null, "exc_text": null, "stack_info": null, "lineno": 37, "funcName": "register_user", "created": 1746521677.7404768, "msecs": 740.0, "relativeCreated": 2855.8289, "thread": 36968, "threadName": "MainThread", "processName": "MainProcess", "process": 35792, "taskName": null, "asctime": "2025-05-06 14:54:37,740"}, {"name": "TestLogger", "msg": "Response body: {'id': 7, 'token': 'QpwL5tke4Pnpja7X7'}", "args": null, "levelname": "DEBUG", "levelno": 10, "pathname": "C:\\Test Automation\\Playwright-Automation-Test-Suite-master\\Playwright-Automation-Test-Suite\\utils\\api_client.py", "filename": "api_client.py", "module": "api_client", "exc_info": null, "exc_text": null, "stack_info": null, "lineno": 38, "funcName": "register_user", "created": 1746521677.747711, "msecs": 747.0, "relativeCreated": 2863.0632, "thread": 36968, "threadName": "MainThread", "processName": "MainProcess", "process": 35792, "taskName": null, "asctime": "2025-05-06 14:54:37,747"}], "longrepr": "[gw6] win32 -- Python 3.13.1 C:\\Test Automation\\Playwright-Automation-Test-Suite-master\\Playwright-Automation-Test-Suite\\TestSuiteEnv\\Scripts\\python.exe"}, "teardown": {"duration": 0.00015269999857991934, "outcome": "passed", "longrepr": "[gw6] win32 -- Python 3.13.1 C:\\Test Automation\\Playwright-Automation-Test-Suite-master\\Playwright-Automation-Test-Suite\\TestSuiteEnv\\Scripts\\python.exe"}}, {"nodeid": "tests/api/test_users_api.py::test_create_user[user_data1]", "lineno": 19, "outcome": "passed", "keywords": ["test_create_user[user_data1]", "parametrize", "pytestmark", "user_data1", "test_users_api.py", "api", "tests", "Playwright-Automation-Test-Suite", ""], "setup": {"duration": 0.9104619999998249, "outcome": "passed", "longrepr": "[gw8] win32 -- Python 3.13.1 C:\\Test Automation\\Playwright-Automation-Test-Suite-master\\Playwright-Automation-Test-Suite\\TestSuiteEnv\\Scripts\\python.exe"}, "call": {"duration": 0.626130299991928, "outcome": "passed", "stdout": "Created User ID: 267\n", "longrepr": "[gw8] win32 -- Python 3.13.1 C:\\Test Automation\\Playwright-Automation-Test-Suite-master\\Playwright-Automation-Test-Suite\\TestSuiteEnv\\Scripts\\python.exe"}, "teardown": {"duration": 0.016821400000480935, "outcome": "passed", "longrepr": "[gw8] win32 -- Python 3.13.1 C:\\Test Automation\\Playwright-Automation-Test-Suite-master\\Playwright-Automation-Test-Suite\\TestSuiteEnv\\Scripts\\python.exe"}}, {"nodeid": "tests/api/test_users_api.py::test_create_user[user_data0]", "lineno": 19, "outcome": "passed", "keywords": ["test_create_user[user_data0]", "parametrize", "pytestmark", "user_data0", "test_users_api.py", "api", "tests", "Playwright-Automation-Test-Suite", ""], "setup": {"duration": 0.9151304000115488, "outcome": "passed", "longrepr": "[gw9] win32 -- Python 3.13.1 C:\\Test Automation\\Playwright-Automation-Test-Suite-master\\Playwright-Automation-Test-Suite\\TestSuiteEnv\\Scripts\\python.exe"}, "call": {"duration": 0.6378295999893453, "outcome": "passed", "stdout": "Created User ID: 902\n", "longrepr": "[gw9] win32 -- Python 3.13.1 C:\\Test Automation\\Playwright-Automation-Test-Suite-master\\Playwright-Automation-Test-Suite\\TestSuiteEnv\\Scripts\\python.exe"}, "teardown": {"duration": 0.0002496000088285655, "outcome": "passed", "longrepr": "[gw9] win32 -- Python 3.13.1 C:\\Test Automation\\Playwright-Automation-Test-Suite-master\\Playwright-Automation-Test-Suite\\TestSuiteEnv\\Scripts\\python.exe"}}, {"nodeid": "tests/api/test_mockapi_users.py::test_create_user[user_data1]", "lineno": 5, "outcome": "failed", "keywords": ["test_create_user[user_data1]", "parametrize", "pytestmark", "user_data1", "test_mockapi_users.py", "api", "tests", "Playwright-Automation-Test-Suite", ""], "setup": {"duration": 0.9293526999827009, "outcome": "passed", "longrepr": "[gw0] win32 -- Python 3.13.1 C:\\Test Automation\\Playwright-Automation-Test-Suite-master\\Playwright-Automation-Test-Suite\\TestSuiteEnv\\Scripts\\python.exe"}, "call": {"duration": 0.7970679999853019, "outcome": "failed", "crash": {"path": "C:\\Test Automation\\Playwright-Automation-Test-Suite-master\\Playwright-Automation-Test-Suite\\tests\\api\\test_mockapi_users.py", "lineno": 9, "message": "AssertionError: assert 400 == 201\n +  where 400 = <APIResponse url='https://6810415227f2fdac2410b810.mockapi.io/api/v1/users' status=400 status_text='Bad Request'>.status"}, "traceback": [{"path": "tests\\api\\test_mockapi_users.py", "lineno": 9, "message": "AssertionError"}], "longrepr": "[gw0] win32 -- Python 3.13.1 C:\\Test Automation\\Playwright-Automation-Test-Suite-master\\Playwright-Automation-Test-Suite\\TestSuiteEnv\\Scripts\\python.exe\n\napi_request_context = <playwright._impl._fetch.APIRequestContext object at 0x00000216B0E24EC0>, user_data = {'age': 28, 'email': 'jane@example.com', 'isActive': False, 'job': 'QA Tester', ...}\n\n    @pytest.mark.parametrize(\"user_data\", load_test_data(\"test_data/mockapi_test_data.json\"))\n    def test_create_user(api_request_context, user_data):\n        response = api_request_context.post(get_users_url(), data=user_data)\n>       assert response.status == 201\nE       AssertionError: assert 400 == 201\nE        +  where 400 = <APIResponse url='https://6810415227f2fdac2410b810.mockapi.io/api/v1/users' status=400 status_text='Bad Request'>.status\n\ntests\\api\\test_mockapi_users.py:9: AssertionError"}, "teardown": {"duration": 0.00027779999072663486, "outcome": "passed", "longrepr": "[gw0] win32 -- Python 3.13.1 C:\\Test Automation\\Playwright-Automation-Test-Suite-master\\Playwright-Automation-Test-Suite\\TestSuiteEnv\\Scripts\\python.exe"}}, {"nodeid": "tests/api/test_mockapi_users.py::test_delete_user", "lineno": 69, "outcome": "failed", "keywords": ["test_delete_user", "test_mockapi_users.py", "api", "tests", "Playwright-Automation-Test-Suite", ""], "setup": {"duration": 0.9324046999972779, "outcome": "passed", "longrepr": "[gw4] win32 -- Python 3.13.1 C:\\Test Automation\\Playwright-Automation-Test-Suite-master\\Playwright-Automation-Test-Suite\\TestSuiteEnv\\Scripts\\python.exe"}, "call": {"duration": 0.816471600002842, "outcome": "failed", "crash": {"path": "C:\\Test Automation\\Playwright-Automation-Test-Suite-master\\Playwright-Automation-Test-Suite\\tests\\api\\test_mockapi_users.py", "lineno": 76, "message": "TypeError: string indices must be integers, not 'str'"}, "traceback": [{"path": "tests\\api\\test_mockapi_users.py", "lineno": 76, "message": "TypeError"}], "longrepr": "[gw4] win32 -- Python 3.13.1 C:\\Test Automation\\Playwright-Automation-Test-Suite-master\\Playwright-Automation-Test-Suite\\TestSuiteEnv\\Scripts\\python.exe\n\napi_request_context = <playwright._impl._fetch.APIRequestContext object at 0x0000018DB4AE4EC0>\n\n    def test_delete_user(api_request_context):\n        # Create a user to delete\n        user_data = {\n            \"name\": \"Delete Me\", \"email\": \"delete@x.com\", \"job\": \"None\", \"age\": 33, \"isActive\": True\n        }\n        create_resp = api_request_context.post(get_users_url(), data=user_data)\n>       user_id = create_resp.json()[\"id\"]\nE       TypeError: string indices must be integers, not 'str'\n\ntests\\api\\test_mockapi_users.py:76: TypeError"}, "teardown": {"duration": 0.00025690000620670617, "outcome": "passed", "longrepr": "[gw4] win32 -- Python 3.13.1 C:\\Test Automation\\Playwright-Automation-Test-Suite-master\\Playwright-Automation-Test-Suite\\TestSuiteEnv\\Scripts\\python.exe"}}, {"nodeid": "tests/api/test_mockapi_users.py::test_get_all_users", "lineno": 28, "outcome": "passed", "keywords": ["test_get_all_users", "test_mockapi_users.py", "api", "tests", "Playwright-Automation-Test-Suite", ""], "setup": {"duration": 0.9456266000051983, "outcome": "passed", "longrepr": "[gw3] win32 -- Python 3.13.1 C:\\Test Automation\\Playwright-Automation-Test-Suite-master\\Playwright-Automation-Test-Suite\\TestSuiteEnv\\Scripts\\python.exe"}, "call": {"duration": 0.821292699984042, "outcome": "passed", "longrepr": "[gw3] win32 -- Python 3.13.1 C:\\Test Automation\\Playwright-Automation-Test-Suite-master\\Playwright-Automation-Test-Suite\\TestSuiteEnv\\Scripts\\python.exe"}, "teardown": {"duration": 0.0001762000028975308, "outcome": "passed", "longrepr": "[gw3] win32 -- Python 3.13.1 C:\\Test Automation\\Playwright-Automation-Test-Suite-master\\Playwright-Automation-Test-Suite\\TestSuiteEnv\\Scripts\\python.exe"}}, {"nodeid": "tests/api/test_users_api.py::test_get_user[user_data1]", "lineno": 31, "outcome": "passed", "keywords": ["test_get_user[user_data1]", "parametrize", "pytestmark", "user_data1", "test_users_api.py", "api", "tests", "Playwright-Automation-Test-Suite", ""], "setup": {"duration": 0.9535397000145167, "outcome": "passed", "longrepr": "[gw10] win32 -- Python 3.13.1 C:\\Test Automation\\Playwright-Automation-Test-Suite-master\\Playwright-Automation-Test-Suite\\TestSuiteEnv\\Scripts\\python.exe"}, "call": {"duration": 0.2470294999948237, "outcome": "passed", "stdout": "Fetched User Data: {'data': {'id': 1, 'email': 'george.bluth@reqres.in', 'first_name': 'George', 'last_name': 'Bluth', 'avatar': 'https://reqres.in/img/faces/1-image.jpg'}, 'support': {'url': 'https://contentcaddy.io?utm_source=reqres&utm_medium=json&utm_campaign=referral', 'text': 'Tired of writing endless social media content? Let Content Caddy generate it for you.'}}\n", "longrepr": "[gw10] win32 -- Python 3.13.1 C:\\Test Automation\\Playwright-Automation-Test-Suite-master\\Playwright-Automation-Test-Suite\\TestSuiteEnv\\Scripts\\python.exe"}, "teardown": {"duration": 0.015203800023300573, "outcome": "passed", "longrepr": "[gw10] win32 -- Python 3.13.1 C:\\Test Automation\\Playwright-Automation-Test-Suite-master\\Playwright-Automation-Test-Suite\\TestSuiteEnv\\Scripts\\python.exe"}}, {"nodeid": "tests/integration/test_api_db_consistency.py::test_create_user_api_and_db_same_user", "lineno": 9, "outcome": "failed", "keywords": ["test_create_user_api_and_db_same_user", "test_api_db_consistency.py", "integration", "tests", "Playwright-Automation-Test-Suite", ""], "setup": {"duration": 0.9591328999958932, "outcome": "passed", "longrepr": "[gw14] win32 -- Python 3.13.1 C:\\Test Automation\\Playwright-Automation-Test-Suite-master\\Playwright-Automation-Test-Suite\\TestSuiteEnv\\Scripts\\python.exe"}, "call": {"duration": 0.790429699991364, "outcome": "failed", "crash": {"path": "C:\\Test Automation\\Playwright-Automation-Test-Suite-master\\Playwright-Automation-Test-Suite\\tests\\integration\\test_api_db_consistency.py", "lineno": 21, "message": "AssertionError: assert 400 == 201\n +  where 400 = <APIResponse url='https://6810415227f2fdac2410b810.mockapi.io/api/v1/users' status=400 status_text='Bad Request'>.status"}, "traceback": [{"path": "tests\\integration\\test_api_db_consistency.py", "lineno": 21, "message": "AssertionError"}], "longrepr": "[gw14] win32 -- Python 3.13.1 C:\\Test Automation\\Playwright-Automation-Test-Suite-master\\Playwright-Automation-Test-Suite\\TestSuiteEnv\\Scripts\\python.exe\n\napi_request_context = <playwright._impl._fetch.APIRequestContext object at 0x00000184FA1F0EC0>\n\n    def test_create_user_api_and_db_same_user(api_request_context):\n        user_data = {\n            \"name\": \"Sadia QA\",\n            \"email\": f\"test_{uuid.uuid4().hex[:6]}@example.com\",\n            \"job\": \"Tester\",\n            \"age\": 25,\n            \"isActive\": True\n        }\n    \n        # Step 1: Create the user via API\n        api_resp = api_request_context.post(get_users_url(), data=user_data)\n>       assert api_resp.status == 201\nE       AssertionError: assert 400 == 201\nE        +  where 400 = <APIResponse url='https://6810415227f2fdac2410b810.mockapi.io/api/v1/users' status=400 status_text='Bad Request'>.status\n\ntests\\integration\\test_api_db_consistency.py:21: AssertionError"}, "teardown": {"duration": 0.028462299989769235, "outcome": "passed", "longrepr": "[gw14] win32 -- Python 3.13.1 C:\\Test Automation\\Playwright-Automation-Test-Suite-master\\Playwright-Automation-Test-Suite\\TestSuiteEnv\\Scripts\\python.exe"}}, {"nodeid": "tests/api/test_users_api.py::test_register_user[registration_data0]", "lineno": 8, "outcome": "passed", "keywords": ["test_register_user[registration_data0]", "parametrize", "pytestmark", "registration_data0", "test_users_api.py", "api", "tests", "Playwright-Automation-Test-Suite", ""], "setup": {"duration": 1.0128190999967046, "outcome": "passed", "longrepr": "[gw7] win32 -- Python 3.13.1 C:\\Test Automation\\Playwright-Automation-Test-Suite-master\\Playwright-Automation-Test-Suite\\TestSuiteEnv\\Scripts\\python.exe"}, "call": {"duration": 0.6191492000070866, "outcome": "passed", "stdout": "{'id': 4, 'token': 'QpwL5tke4Pnpja7X4'}\n", "log": [{"name": "TestLogger", "msg": "Starting registration test", "args": null, "levelname": "INFO", "levelno": 20, "pathname": "C:\\Test Automation\\Playwright-Automation-Test-Suite-master\\Playwright-Automation-Test-Suite\\utils\\api_client.py", "filename": "api_client.py", "module": "api_client", "exc_info": null, "exc_text": null, "stack_info": null, "lineno": 31, "funcName": "register_user", "created": 1746521677.2873197, "msecs": 287.0, "relativeCreated": 2303.7664, "thread": 11900, "threadName": "MainThread", "processName": "MainProcess", "process": 30564, "taskName": null, "asctime": "2025-05-06 14:54:37,287"}, {"name": "TestLogger", "msg": "Payload: {'email': 'eve.holt@reqres.in', 'password': 'pistol', 'job': 'Software Engineer', 'name': 'John Doe'}", "args": null, "levelname": "DEBUG", "levelno": 10, "pathname": "C:\\Test Automation\\Playwright-Automation-Test-Suite-master\\Playwright-Automation-Test-Suite\\utils\\api_client.py", "filename": "api_client.py", "module": "api_client", "exc_info": null, "exc_text": null, "stack_info": null, "lineno": 32, "funcName": "register_user", "created": 1746521677.287506, "msecs": 287.0, "relativeCreated": 2303.953, "thread": 11900, "threadName": "MainThread", "processName": "MainProcess", "process": 30564, "taskName": null, "asctime": "2025-05-06 14:54:37,287"}, {"name": "TestLogger", "msg": "Response status: 200", "args": null, "levelname": "DEBUG", "levelno": 10, "pathname": "C:\\Test Automation\\Playwright-Automation-Test-Suite-master\\Playwright-Automation-Test-Suite\\utils\\api_client.py", "filename": "api_client.py", "module": "api_client", "exc_info": null, "exc_text": null, "stack_info": null, "lineno": 37, "funcName": "register_user", "created": 1746521677.8857646, "msecs": 885.0, "relativeCreated": 2902.2116, "thread": 11900, "threadName": "MainThread", "processName": "MainProcess", "process": 30564, "taskName": null, "asctime": "2025-05-06 14:54:37,885"}, {"name": "TestLogger", "msg": "Response body: {'id': 4, 'token': 'QpwL5tke4Pnpja7X4'}", "args": null, "levelname": "DEBUG", "levelno": 10, "pathname": "C:\\Test Automation\\Playwright-Automation-Test-Suite-master\\Playwright-Automation-Test-Suite\\utils\\api_client.py", "filename": "api_client.py", "module": "api_client", "exc_info": null, "exc_text": null, "stack_info": null, "lineno": 38, "funcName": "register_user", "created": 1746521677.895796, "msecs": 895.0, "relativeCreated": 2912.2429, "thread": 11900, "threadName": "MainThread", "processName": "MainProcess", "process": 30564, "taskName": null, "asctime": "2025-05-06 14:54:37,895"}], "longrepr": "[gw7] win32 -- Python 3.13.1 C:\\Test Automation\\Playwright-Automation-Test-Suite-master\\Playwright-Automation-Test-Suite\\TestSuiteEnv\\Scripts\\python.exe"}, "teardown": {"duration": 0.0002579999854788184, "outcome": "passed", "longrepr": "[gw7] win32 -- Python 3.13.1 C:\\Test Automation\\Playwright-Automation-Test-Suite-master\\Playwright-Automation-Test-Suite\\TestSuiteEnv\\Scripts\\python.exe"}}, {"nodeid": "tests/api/test_mockapi_users.py::test_get_nonexistent_user", "lineno": 83, "outcome": "passed", "keywords": ["test_get_nonexistent_user", "test_mockapi_users.py", "api", "tests", "Playwright-Automation-Test-Suite", ""], "setup": {"duration": 1.0784296999918297, "outcome": "passed", "longrepr": "[gw5] win32 -- Python 3.13.1 C:\\Test Automation\\Playwright-Automation-Test-Suite-master\\Playwright-Automation-Test-Suite\\TestSuiteEnv\\Scripts\\python.exe"}, "call": {"duration": 0.8007799999904819, "outcome": "passed", "longrepr": "[gw5] win32 -- Python 3.13.1 C:\\Test Automation\\Playwright-Automation-Test-Suite-master\\Playwright-Automation-Test-Suite\\TestSuiteEnv\\Scripts\\python.exe"}, "teardown": {"duration": 0.0002052999916486442, "outcome": "passed", "longrepr": "[gw5] win32 -- Python 3.13.1 C:\\Test Automation\\Playwright-Automation-Test-Suite-master\\Playwright-Automation-Test-Suite\\TestSuiteEnv\\Scripts\\python.exe"}}, {"nodeid": "tests/api/test_mockapi_users.py::test_create_user[user_data0]", "lineno": 5, "outcome": "failed", "keywords": ["test_create_user[user_data0]", "parametrize", "pytestmark", "user_data0", "test_mockapi_users.py", "api", "tests", "Playwright-Automation-Test-Suite", ""], "setup": {"duration": 1.0887710000097286, "outcome": "passed", "longrepr": "[gw1] win32 -- Python 3.13.1 C:\\Test Automation\\Playwright-Automation-Test-Suite-master\\Playwright-Automation-Test-Suite\\TestSuiteEnv\\Scripts\\python.exe"}, "call": {"duration": 0.8161626999790315, "outcome": "failed", "crash": {"path": "C:\\Test Automation\\Playwright-Automation-Test-Suite-master\\Playwright-Automation-Test-Suite\\tests\\api\\test_mockapi_users.py", "lineno": 9, "message": "AssertionError: assert 400 == 201\n +  where 400 = <APIResponse url='https://6810415227f2fdac2410b810.mockapi.io/api/v1/users' status=400 status_text='Bad Request'>.status"}, "traceback": [{"path": "tests\\api\\test_mockapi_users.py", "lineno": 9, "message": "AssertionError"}], "longrepr": "[gw1] win32 -- Python 3.13.1 C:\\Test Automation\\Playwright-Automation-Test-Suite-master\\Playwright-Automation-Test-Suite\\TestSuiteEnv\\Scripts\\python.exe\n\napi_request_context = <playwright._impl._fetch.APIRequestContext object at 0x000001D099294EC0>, user_data = {'age': 30, 'email': 'john2@example.com', 'isActive': True, 'job': 'Engineer', ...}\n\n    @pytest.mark.parametrize(\"user_data\", load_test_data(\"test_data/mockapi_test_data.json\"))\n    def test_create_user(api_request_context, user_data):\n        response = api_request_context.post(get_users_url(), data=user_data)\n>       assert response.status == 201\nE       AssertionError: assert 400 == 201\nE        +  where 400 = <APIResponse url='https://6810415227f2fdac2410b810.mockapi.io/api/v1/users' status=400 status_text='Bad Request'>.status\n\ntests\\api\\test_mockapi_users.py:9: AssertionError"}, "teardown": {"duration": 0.0002849999873433262, "outcome": "passed", "longrepr": "[gw1] win32 -- Python 3.13.1 C:\\Test Automation\\Playwright-Automation-Test-Suite-master\\Playwright-Automation-Test-Suite\\TestSuiteEnv\\Scripts\\python.exe"}}, {"nodeid": "tests/ui/test_ui_flow.py::test_place_order", "lineno": 79, "outcome": "passed", "keywords": ["test_place_order", "test_ui_flow.py", "ui", "tests", "Playwright-Automation-Test-Suite", ""], "setup": {"duration": 0.0008245999924838543, "outcome": "passed", "longrepr": "[gw6] win32 -- Python 3.13.1 C:\\Test Automation\\Playwright-Automation-Test-Suite-master\\Playwright-Automation-Test-Suite\\TestSuiteEnv\\Scripts\\python.exe"}, "call": {"duration": 3.83354250001139, "outcome": "passed", "longrepr": "[gw6] win32 -- Python 3.13.1 C:\\Test Automation\\Playwright-Automation-Test-Suite-master\\Playwright-Automation-Test-Suite\\TestSuiteEnv\\Scripts\\python.exe"}, "teardown": {"duration": 0.061736100004054606, "outcome": "passed", "longrepr": "[gw6] win32 -- Python 3.13.1 C:\\Test Automation\\Playwright-Automation-Test-Suite-master\\Playwright-Automation-Test-Suite\\TestSuiteEnv\\Scripts\\python.exe"}}, {"nodeid": "tests/ui/test_ui_flow.py::test_logout", "lineno": 98, "outcome": "passed", "keywords": ["test_logout", "test_ui_flow.py", "ui", "tests", "Playwright-Automation-Test-Suite", ""], "setup": {"duration": 0.0017695999995339662, "outcome": "passed", "longrepr": "[gw9] win32 -- Python 3.13.1 C:\\Test Automation\\Playwright-Automation-Test-Suite-master\\Playwright-Automation-Test-Suite\\TestSuiteEnv\\Scripts\\python.exe"}, "call": {"duration": 5.239007299998775, "outcome": "passed", "longrepr": "[gw9] win32 -- Python 3.13.1 C:\\Test Automation\\Playwright-Automation-Test-Suite-master\\Playwright-Automation-Test-Suite\\TestSuiteEnv\\Scripts\\python.exe"}, "teardown": {"duration": 0.18538140002056025, "outcome": "passed", "longrepr": "[gw9] win32 -- Python 3.13.1 C:\\Test Automation\\Playwright-Automation-Test-Suite-master\\Playwright-Automation-Test-Suite\\TestSuiteEnv\\Scripts\\python.exe"}}, {"nodeid": "tests/ui/test_ui_flow.py::test_add_and_remove_cart", "lineno": 55, "outcome": "passed", "keywords": ["test_add_and_remove_cart", "test_ui_flow.py", "ui", "tests", "Playwright-Automation-Test-Suite", ""], "setup": {"duration": 0.0013498000043909997, "outcome": "passed", "longrepr": "[gw7] win32 -- Python 3.13.1 C:\\Test Automation\\Playwright-Automation-Test-Suite-master\\Playwright-Automation-Test-Suite\\TestSuiteEnv\\Scripts\\python.exe"}, "call": {"duration": 11.089094499999192, "outcome": "passed", "longrepr": "[gw7] win32 -- Python 3.13.1 C:\\Test Automation\\Playwright-Automation-Test-Suite-master\\Playwright-Automation-Test-Suite\\TestSuiteEnv\\Scripts\\python.exe"}, "teardown": {"duration": 0.2039709000091534, "outcome": "passed", "longrepr": "[gw7] win32 -- Python 3.13.1 C:\\Test Automation\\Playwright-Automation-Test-Suite-master\\Playwright-Automation-Test-Suite\\TestSuiteEnv\\Scripts\\python.exe"}}, {"nodeid": "tests/ui/test_ui_flow.py::test_login[case0]", "lineno": 13, "outcome": "passed", "keywords": ["test_login[case0]", "parametrize", "pytestmark", "case0", "test_ui_flow.py", "ui", "tests", "Playwright-Automation-Test-Suite", ""], "setup": {"duration": 0.0018625000084284693, "outcome": "passed", "longrepr": "[gw2] win32 -- Python 3.13.1 C:\\Test Automation\\Playwright-Automation-Test-Suite-master\\Playwright-Automation-Test-Suite\\TestSuiteEnv\\Scripts\\python.exe"}, "call": {"duration": 4.1897865000064485, "outcome": "passed", "longrepr": "[gw2] win32 -- Python 3.13.1 C:\\Test Automation\\Playwright-Automation-Test-Suite-master\\Playwright-Automation-Test-Suite\\TestSuiteEnv\\Scripts\\python.exe"}, "teardown": {"duration": 0.18135729999630712, "outcome": "passed", "longrepr": "[gw2] win32 -- Python 3.13.1 C:\\Test Automation\\Playwright-Automation-Test-Suite-master\\Playwright-Automation-Test-Suite\\TestSuiteEnv\\Scripts\\python.exe"}}, {"nodeid": "tests/integration/test_api_db_consistency.py::test_delete_user_api_and_db_same_user", "lineno": 67, "outcome": "failed", "keywords": ["test_delete_user_api_and_db_same_user", "test_api_db_consistency.py", "integration", "tests", "Playwright-Automation-Test-Suite", ""], "setup": {"duration": 0.00036360000376589596, "outcome": "passed", "longrepr": "[gw0] win32 -- Python 3.13.1 C:\\Test Automation\\Playwright-Automation-Test-Suite-master\\Playwright-Automation-Test-Suite\\TestSuiteEnv\\Scripts\\python.exe"}, "call": {"duration": 0.289881200005766, "outcome": "failed", "crash": {"path": "C:\\Test Automation\\Playwright-Automation-Test-Suite-master\\Playwright-Automation-Test-Suite\\tests\\integration\\test_api_db_consistency.py", "lineno": 76, "message": "AssertionError: User with email sadia3@testmail.com not found in API\nassert None is not None"}, "traceback": [{"path": "tests\\integration\\test_api_db_consistency.py", "lineno": 76, "message": "AssertionError"}], "longrepr": "[gw0] win32 -- Python 3.13.1 C:\\Test Automation\\Playwright-Automation-Test-Suite-master\\Playwright-Automation-Test-Suite\\TestSuiteEnv\\Scripts\\python.exe\n\napi_request_context = <playwright._impl._fetch.APIRequestContext object at 0x00000216B0E24EC0>\n\n    def test_delete_user_api_and_db_same_user(api_request_context):\n        email = \"sadia3@testmail.com\"\n    \n        # Step 1: Get user ID from API\n        all_users_resp = api_request_context.get(get_users_url())\n        assert all_users_resp.status == 200\n        all_users = all_users_resp.json()\n        user = next((u for u in all_users if u[\"email\"] == email), None)\n>       assert user is not None, f\"User with email {email} not found in API\"\nE       AssertionError: User with email sadia3@testmail.com not found in API\nE       assert None is not None\n\ntests\\integration\\test_api_db_consistency.py:76: AssertionError"}, "teardown": {"duration": 0.033950300014112145, "outcome": "passed", "longrepr": "[gw0] win32 -- Python 3.13.1 C:\\Test Automation\\Playwright-Automation-Test-Suite-master\\Playwright-Automation-Test-Suite\\TestSuiteEnv\\Scripts\\python.exe"}}, {"nodeid": "tests/ui/test_ui_flow.py::test_login[case1]", "lineno": 13, "outcome": "passed", "keywords": ["test_login[case1]", "parametrize", "pytestmark", "case1", "test_ui_flow.py", "ui", "tests", "Playwright-Automation-Test-Suite", ""], "setup": {"duration": 0.0013072000001557171, "outcome": "passed", "longrepr": "[gw4] win32 -- Python 3.13.1 C:\\Test Automation\\Playwright-Automation-Test-Suite-master\\Playwright-Automation-Test-Suite\\TestSuiteEnv\\Scripts\\python.exe"}, "call": {"duration": 7.429419599997345, "outcome": "passed", "longrepr": "[gw4] win32 -- Python 3.13.1 C:\\Test Automation\\Playwright-Automation-Test-Suite-master\\Playwright-Automation-Test-Suite\\TestSuiteEnv\\Scripts\\python.exe"}, "teardown": {"duration": 0.18409610001253895, "outcome": "passed", "longrepr": "[gw4] win32 -- Python 3.13.1 C:\\Test Automation\\Playwright-Automation-Test-Suite-master\\Playwright-Automation-Test-Suite\\TestSuiteEnv\\Scripts\\python.exe"}}, {"nodeid": "tests/integration/test_api_db_consistency.py::test_get_all_users_api_and_db_count", "lineno": 91, "outcome": "failed", "keywords": ["test_get_all_users_api_and_db_count", "test_api_db_consistency.py", "integration", "tests", "Playwright-Automation-Test-Suite", ""], "setup": {"duration": 0.0003403000009711832, "outcome": "passed", "longrepr": "[gw3] win32 -- Python 3.13.1 C:\\Test Automation\\Playwright-Automation-Test-Suite-master\\Playwright-Automation-Test-Suite\\TestSuiteEnv\\Scripts\\python.exe"}, "call": {"duration": 0.7474796999886166, "outcome": "failed", "crash": {"path": "C:\\Test Automation\\Playwright-Automation-Test-Suite-master\\Playwright-Automation-Test-Suite\\tests\\integration\\test_api_db_consistency.py", "lineno": 105, "message": "AssertionError: assert (100 == 60 or 40 <= 1)\n +  where 100 = len([{'age': 30, 'email': 'john@example.com', 'id': '1', 'isActive': True, ...}, {'age': 28, 'email': 'jane@example.com', 'id': '2', 'isActive': False, ...}, {'age': 22, 'email': 'temp@x.com', 'id': '3', 'isActive': False, ...}, {'age': 30, 'email': 'john@example.com', 'id': '4', 'isActive': True, ...}, {'age': 28, 'email': 'jane@example.com', 'id': '5', 'isActive': False, ...}, {'age': 22, 'email': 'temp@x.com', 'id': '6', 'isActive': False, ...}, ...])\n +  and   40 = abs((100 - 60))\n +    where 100 = len([{'age': 30, 'email': 'john@example.com', 'id': '1', 'isActive': True, ...}, {'age': 28, 'email': 'jane@example.com', 'id': '2', 'isActive': False, ...}, {'age': 22, 'email': 'temp@x.com', 'id': '3', 'isActive': False, ...}, {'age': 30, 'email': 'john@example.com', 'id': '4', 'isActive': True, ...}, {'age': 28, 'email': 'jane@example.com', 'id': '5', 'isActive': False, ...}, {'age': 22, 'email': 'temp@x.com', 'id': '6', 'isActive': False, ...}, ...])"}, "traceback": [{"path": "tests\\integration\\test_api_db_consistency.py", "lineno": 105, "message": "AssertionError"}], "longrepr": "[gw3] win32 -- Python 3.13.1 C:\\Test Automation\\Playwright-Automation-Test-Suite-master\\Playwright-Automation-Test-Suite\\TestSuiteEnv\\Scripts\\python.exe\n\napi_request_context = <playwright._impl._fetch.APIRequestContext object at 0x000001B5D4194EC0>\n\n    def test_get_all_users_api_and_db_count(api_request_context):\n        # API fetch\n        api_resp = api_request_context.get(get_users_url())\n        assert api_resp.status == 200\n        api_users = api_resp.json()\n    \n        # DB fetch\n        conn = get_connection()\n        cursor = conn.cursor()\n        cursor.execute(\"SELECT COUNT(*) FROM users\")\n        db_count = cursor.fetchone()[0]\n        conn.close()\n    \n>       assert len(api_users) == db_count or abs(len(api_users) - db_count) <= 1  # checking if the difference is minor\nE       AssertionError: assert (100 == 60 or 40 <= 1)\nE        +  where 100 = len([{'age': 30, 'email': 'john@example.com', 'id': '1', 'isActive': True, ...}, {'age': 28, 'email': 'jane@example.com', 'id': '2', 'isActive': False, ...}, {'age': 22, 'email': 'temp@x.com', 'id': '3', 'isActive': False, ...}, {'age': 30, 'email': 'john@example.com', 'id': '4', 'isActive': True, ...}, {'age': 28, 'email': 'jane@example.com', 'id': '5', 'isActive': False, ...}, {'age': 22, 'email': 'temp@x.com', 'id': '6', 'isActive': False, ...}, ...])\nE        +  and   40 = abs((100 - 60))\nE        +    where 100 = len([{'age': 30, 'email': 'john@example.com', 'id': '1', 'isActive': True, ...}, {'age': 28, 'email': 'jane@example.com', 'id': '2', 'isActive': False, ...}, {'age': 22, 'email': 'temp@x.com', 'id': '3', 'isActive': False, ...}, {'age': 30, 'email': 'john@example.com', 'id': '4', 'isActive': True, ...}, {'age': 28, 'email': 'jane@example.com', 'id': '5', 'isActive': False, ...}, {'age': 22, 'email': 'temp@x.com', 'id': '6', 'isActive': False, ...}, ...])\n\ntests\\integration\\test_api_db_consistency.py:105: AssertionError"}, "teardown": {"duration": 0.01824470001156442, "outcome": "passed", "longrepr": "[gw3] win32 -- Python 3.13.1 C:\\Test Automation\\Playwright-Automation-Test-Suite-master\\Playwright-Automation-Test-Suite\\TestSuiteEnv\\Scripts\\python.exe"}}, {"nodeid": "tests/ui/test_ui_flow.py::test_signup_new_and_duplicate", "lineno": 31, "outcome": "failed", "keywords": ["test_signup_new_and_duplicate", "test_ui_flow.py", "ui", "tests", "Playwright-Automation-Test-Suite", ""], "setup": {"duration": 0.0015290000010281801, "outcome": "passed", "longrepr": "[gw5] win32 -- Python 3.13.1 C:\\Test Automation\\Playwright-Automation-Test-Suite-master\\Playwright-Automation-Test-Suite\\TestSuiteEnv\\Scripts\\python.exe"}, "call": {"duration": 4.803796799998963, "outcome": "failed", "crash": {"path": "C:\\Test Automation\\Playwright-Automation-Test-Suite-master\\Playwright-Automation-Test-Suite\\tests\\ui\\test_ui_flow.py", "lineno": 44, "message": "AssertionError: Error: This user already exist.\nassert 'Sign up successful' in 'This user already exist.'"}, "traceback": [{"path": "tests\\ui\\test_ui_flow.py", "lineno": 44, "message": "AssertionError"}], "longrepr": "[gw5] win32 -- Python 3.13.1 C:\\Test Automation\\Playwright-Automation-Test-Suite-master\\Playwright-Automation-Test-Suite\\TestSuiteEnv\\Scripts\\python.exe\n\nplaywright = <playwright._impl._playwright.Playwright object at 0x000001CBC9284440>\n\n    def test_signup_new_and_duplicate(playwright:Playwright):\n        browser_context = playwright.chromium.launch(headless=True)\n        page = browser_context.new_page()\n        signup = SignupPage(page)\n    \n        page.goto(\"https://demoblaze.com\")\n        # Test new user signup\n        signup.open_signup_modal()\n        signup_message = signup.signup(\n            test_data[\"signup\"][\"new_user\"][\"username\"],\n            test_data[\"signup\"][\"new_user\"][\"password\"]\n        )\n>       assert \"Sign up successful\" in signup_message, f\"Error: {signup_message}\"\nE       AssertionError: Error: This user already exist.\nE       assert 'Sign up successful' in 'This user already exist.'\n\ntests\\ui\\test_ui_flow.py:44: AssertionError"}, "teardown": {"duration": 0.1768478000012692, "outcome": "passed", "longrepr": "[gw5] win32 -- Python 3.13.1 C:\\Test Automation\\Playwright-Automation-Test-Suite-master\\Playwright-Automation-Test-Suite\\TestSuiteEnv\\Scripts\\python.exe"}}, {"nodeid": "tests/integration/test_api_db_consistency.py::test_update_user_api_and_db_same_user", "lineno": 39, "outcome": "passed", "keywords": ["test_update_user_api_and_db_same_user", "test_api_db_consistency.py", "integration", "tests", "Playwright-Automation-Test-Suite", ""], "setup": {"duration": 0.0003805000160355121, "outcome": "passed", "longrepr": "[gw1] win32 -- Python 3.13.1 C:\\Test Automation\\Playwright-Automation-Test-Suite-master\\Playwright-Automation-Test-Suite\\TestSuiteEnv\\Scripts\\python.exe"}, "call": {"duration": 1.514398600003915, "outcome": "passed", "longrepr": "[gw1] win32 -- Python 3.13.1 C:\\Test Automation\\Playwright-Automation-Test-Suite-master\\Playwright-Automation-Test-Suite\\TestSuiteEnv\\Scripts\\python.exe"}, "teardown": {"duration": 0.0255755000107456, "outcome": "passed", "longrepr": "[gw1] win32 -- Python 3.13.1 C:\\Test Automation\\Playwright-Automation-Test-Suite-master\\Playwright-Automation-Test-Suite\\TestSuiteEnv\\Scripts\\python.exe"}}]}